[2024-10-12 17:56:59,328][flwr][INFO] - Starting Flower server, config: num_rounds=15, no round_timeout
[2024-10-12 17:56:59,335][flwr][INFO] - Flower ECE: gRPC server running (15 rounds), SSL is disabled
[2024-10-12 17:56:59,335][flwr][INFO] - [INIT]
[2024-10-12 17:56:59,335][flwr][INFO] - Requesting initial parameters from one random client
[2024-10-12 17:56:59,798][flwr][INFO] - Received initial parameters from one random client
[2024-10-12 17:56:59,798][flwr][INFO] - Starting evaluation of initial global parameters
[2024-10-12 17:57:01,225][flwr][INFO] - initial parameters (loss, other metrics): 721.8655426502228, {'accuracy': 0.0462}
[2024-10-12 17:57:01,226][flwr][INFO] - 
[2024-10-12 17:57:01,226][flwr][INFO] - [ROUND 1]
[2024-10-12 17:57:01,226][flwr][INFO] - configure_fit: strategy sampled 2 clients (out of 2)
[2024-10-12 17:57:05,606][flwr][INFO] - aggregate_fit: received 2 results and 0 failures
[2024-10-12 17:57:05,609][flwr][WARNING] - No fit_metrics_aggregation_fn provided
[2024-10-12 17:57:06,763][flwr][INFO] - fit progress: (1, 718.8888719081879, {'accuracy': 0.0692}, 5.537187768999502)
[2024-10-12 17:57:06,763][flwr][INFO] - configure_evaluate: no clients selected, skipping evaluation
[2024-10-12 17:57:06,763][flwr][INFO] - 
[2024-10-12 17:57:06,763][flwr][INFO] - [ROUND 2]
[2024-10-12 17:57:06,764][flwr][INFO] - configure_fit: strategy sampled 2 clients (out of 2)
[2024-10-12 17:57:11,619][flwr][INFO] - aggregate_fit: received 2 results and 0 failures
[2024-10-12 17:57:12,811][flwr][INFO] - fit progress: (2, 715.4175846576691, {'accuracy': 0.1402}, 11.585670938000476)
[2024-10-12 17:57:12,812][flwr][INFO] - configure_evaluate: no clients selected, skipping evaluation
[2024-10-12 17:57:12,812][flwr][INFO] - 
[2024-10-12 17:57:12,812][flwr][INFO] - [ROUND 3]
[2024-10-12 17:57:12,813][flwr][INFO] - configure_fit: strategy sampled 2 clients (out of 2)
[2024-10-12 17:57:18,864][flwr][INFO] - aggregate_fit: received 2 results and 0 failures
[2024-10-12 17:57:20,057][flwr][INFO] - fit progress: (3, 710.8220057487488, {'accuracy': 0.1722}, 18.831494164000105)
[2024-10-12 17:57:20,058][flwr][INFO] - configure_evaluate: no clients selected, skipping evaluation
[2024-10-12 17:57:20,058][flwr][INFO] - 
[2024-10-12 17:57:20,058][flwr][INFO] - [ROUND 4]
[2024-10-12 17:57:20,058][flwr][INFO] - configure_fit: strategy sampled 2 clients (out of 2)
[2024-10-12 17:57:24,340][flwr][INFO] - aggregate_fit: received 2 results and 0 failures
[2024-10-12 17:57:25,193][flwr][INFO] - fit progress: (4, 703.6331520080566, {'accuracy': 0.2029}, 23.96743099500054)
[2024-10-12 17:57:25,193][flwr][INFO] - configure_evaluate: no clients selected, skipping evaluation
[2024-10-12 17:57:25,194][flwr][INFO] - 
[2024-10-12 17:57:25,194][flwr][INFO] - [ROUND 5]
[2024-10-12 17:57:25,194][flwr][INFO] - configure_fit: strategy sampled 2 clients (out of 2)
[2024-10-12 17:57:28,651][flwr][INFO] - aggregate_fit: received 2 results and 0 failures
[2024-10-12 17:57:29,561][flwr][INFO] - fit progress: (5, 690.2726473808289, {'accuracy': 0.3152}, 28.335052607000762)
[2024-10-12 17:57:29,561][flwr][INFO] - configure_evaluate: no clients selected, skipping evaluation
[2024-10-12 17:57:29,561][flwr][INFO] - 
[2024-10-12 17:57:29,561][flwr][INFO] - [ROUND 6]
[2024-10-12 17:57:29,561][flwr][INFO] - configure_fit: strategy sampled 2 clients (out of 2)
[2024-10-12 17:57:33,651][flwr][INFO] - aggregate_fit: received 2 results and 0 failures
[2024-10-12 17:57:34,539][flwr][INFO] - fit progress: (6, 660.2115366458893, {'accuracy': 0.4836}, 33.31280960100048)
[2024-10-12 17:57:34,539][flwr][INFO] - configure_evaluate: no clients selected, skipping evaluation
[2024-10-12 17:57:34,539][flwr][INFO] - 
[2024-10-12 17:57:34,539][flwr][INFO] - [ROUND 7]
[2024-10-12 17:57:34,539][flwr][INFO] - configure_fit: strategy sampled 2 clients (out of 2)
[2024-10-12 17:57:39,083][flwr][INFO] - aggregate_fit: received 2 results and 0 failures
[2024-10-12 17:57:40,217][flwr][INFO] - fit progress: (7, 575.8008599281311, {'accuracy': 0.6395}, 38.99155995000001)
[2024-10-12 17:57:40,218][flwr][INFO] - configure_evaluate: no clients selected, skipping evaluation
[2024-10-12 17:57:40,218][flwr][INFO] - 
[2024-10-12 17:57:40,218][flwr][INFO] - [ROUND 8]
[2024-10-12 17:57:40,218][flwr][INFO] - configure_fit: strategy sampled 2 clients (out of 2)
[2024-10-12 17:57:44,750][flwr][INFO] - aggregate_fit: received 2 results and 0 failures
[2024-10-12 17:57:45,846][flwr][INFO] - fit progress: (8, 372.0594384074211, {'accuracy': 0.7976}, 44.62057691300106)
[2024-10-12 17:57:45,847][flwr][INFO] - configure_evaluate: no clients selected, skipping evaluation
[2024-10-12 17:57:45,847][flwr][INFO] - 
[2024-10-12 17:57:45,847][flwr][INFO] - [ROUND 9]
[2024-10-12 17:57:45,847][flwr][INFO] - configure_fit: strategy sampled 2 clients (out of 2)
[2024-10-12 17:57:50,335][flwr][INFO] - aggregate_fit: received 2 results and 0 failures
[2024-10-12 17:57:51,473][flwr][INFO] - fit progress: (9, 222.35922828316689, {'accuracy': 0.8299}, 50.24750241100082)
[2024-10-12 17:57:51,473][flwr][INFO] - configure_evaluate: no clients selected, skipping evaluation
[2024-10-12 17:57:51,474][flwr][INFO] - 
[2024-10-12 17:57:51,474][flwr][INFO] - [ROUND 10]
[2024-10-12 17:57:51,474][flwr][INFO] - configure_fit: strategy sampled 2 clients (out of 2)
[2024-10-12 17:57:55,334][flwr][INFO] - aggregate_fit: received 2 results and 0 failures
[2024-10-12 17:57:56,342][flwr][INFO] - fit progress: (10, 165.50823031365871, {'accuracy': 0.8596}, 55.11610602899964)
[2024-10-12 17:57:56,342][flwr][INFO] - configure_evaluate: no clients selected, skipping evaluation
[2024-10-12 17:57:56,342][flwr][INFO] - 
[2024-10-12 17:57:56,342][flwr][INFO] - [ROUND 11]
[2024-10-12 17:57:56,342][flwr][INFO] - configure_fit: strategy sampled 2 clients (out of 2)
[2024-10-12 17:58:01,704][flwr][INFO] - aggregate_fit: received 2 results and 0 failures
[2024-10-12 17:58:05,211][flwr][INFO] - fit progress: (11, 138.41427122056484, {'accuracy': 0.8791}, 63.98533919500005)
[2024-10-12 17:58:05,211][flwr][INFO] - configure_evaluate: no clients selected, skipping evaluation
[2024-10-12 17:58:05,211][flwr][INFO] - 
[2024-10-12 17:58:05,211][flwr][INFO] - [ROUND 12]
[2024-10-12 17:58:05,212][flwr][INFO] - configure_fit: strategy sampled 2 clients (out of 2)
[2024-10-12 17:58:09,576][flwr][INFO] - aggregate_fit: received 2 results and 0 failures
[2024-10-12 17:58:10,563][flwr][INFO] - fit progress: (12, 122.4129008166492, {'accuracy': 0.89}, 69.33723837900106)
[2024-10-12 17:58:10,563][flwr][INFO] - configure_evaluate: no clients selected, skipping evaluation
[2024-10-12 17:58:10,563][flwr][INFO] - 
[2024-10-12 17:58:10,563][flwr][INFO] - [ROUND 13]
[2024-10-12 17:58:10,564][flwr][INFO] - configure_fit: strategy sampled 2 clients (out of 2)
[2024-10-12 17:58:14,382][flwr][INFO] - aggregate_fit: received 2 results and 0 failures
[2024-10-12 17:58:15,366][flwr][INFO] - fit progress: (13, 111.56453252956271, {'accuracy': 0.8989}, 74.14017036800033)
[2024-10-12 17:58:15,366][flwr][INFO] - configure_evaluate: no clients selected, skipping evaluation
[2024-10-12 17:58:15,366][flwr][INFO] - 
[2024-10-12 17:58:15,366][flwr][INFO] - [ROUND 14]
[2024-10-12 17:58:15,367][flwr][INFO] - configure_fit: strategy sampled 2 clients (out of 2)
[2024-10-12 17:58:19,086][flwr][INFO] - aggregate_fit: received 2 results and 0 failures
[2024-10-12 17:58:20,030][flwr][INFO] - fit progress: (14, 103.36249150708318, {'accuracy': 0.9065}, 78.80431680600122)
[2024-10-12 17:58:20,030][flwr][INFO] - configure_evaluate: no clients selected, skipping evaluation
[2024-10-12 17:58:20,030][flwr][INFO] - 
[2024-10-12 17:58:20,031][flwr][INFO] - [ROUND 15]
[2024-10-12 17:58:20,031][flwr][INFO] - configure_fit: strategy sampled 2 clients (out of 2)
[2024-10-12 17:58:24,023][flwr][INFO] - aggregate_fit: received 2 results and 0 failures
[2024-10-12 17:58:26,426][flwr][INFO] - fit progress: (15, 96.90874191001058, {'accuracy': 0.9126}, 85.19981958800054)
[2024-10-12 17:58:26,426][flwr][INFO] - configure_evaluate: no clients selected, skipping evaluation
[2024-10-12 17:58:26,426][flwr][INFO] - 
[2024-10-12 17:58:26,426][flwr][INFO] - [SUMMARY]
[2024-10-12 17:58:26,426][flwr][INFO] - Run finished 15 round(s) in 85.20s
[2024-10-12 17:58:26,426][flwr][INFO] - 	History (loss, centralized):
[2024-10-12 17:58:26,427][flwr][INFO] - 		round 0: 721.8655426502228
[2024-10-12 17:58:26,427][flwr][INFO] - 		round 1: 718.8888719081879
[2024-10-12 17:58:26,427][flwr][INFO] - 		round 2: 715.4175846576691
[2024-10-12 17:58:26,427][flwr][INFO] - 		round 3: 710.8220057487488
[2024-10-12 17:58:26,427][flwr][INFO] - 		round 4: 703.6331520080566
[2024-10-12 17:58:26,427][flwr][INFO] - 		round 5: 690.2726473808289
[2024-10-12 17:58:26,427][flwr][INFO] - 		round 6: 660.2115366458893
[2024-10-12 17:58:26,427][flwr][INFO] - 		round 7: 575.8008599281311
[2024-10-12 17:58:26,427][flwr][INFO] - 		round 8: 372.0594384074211
[2024-10-12 17:58:26,427][flwr][INFO] - 		round 9: 222.35922828316689
[2024-10-12 17:58:26,427][flwr][INFO] - 		round 10: 165.50823031365871
[2024-10-12 17:58:26,427][flwr][INFO] - 		round 11: 138.41427122056484
[2024-10-12 17:58:26,427][flwr][INFO] - 		round 12: 122.4129008166492
[2024-10-12 17:58:26,427][flwr][INFO] - 		round 13: 111.56453252956271
[2024-10-12 17:58:26,427][flwr][INFO] - 		round 14: 103.36249150708318
[2024-10-12 17:58:26,427][flwr][INFO] - 		round 15: 96.90874191001058
[2024-10-12 17:58:26,427][flwr][INFO] - 	History (metrics, centralized):
[2024-10-12 17:58:26,427][flwr][INFO] - 	{'accuracy': [(0, 0.0462),
[2024-10-12 17:58:26,427][flwr][INFO] - 	              (1, 0.0692),
[2024-10-12 17:58:26,427][flwr][INFO] - 	              (2, 0.1402),
[2024-10-12 17:58:26,427][flwr][INFO] - 	              (3, 0.1722),
[2024-10-12 17:58:26,427][flwr][INFO] - 	              (4, 0.2029),
[2024-10-12 17:58:26,427][flwr][INFO] - 	              (5, 0.3152),
[2024-10-12 17:58:26,428][flwr][INFO] - 	              (6, 0.4836),
[2024-10-12 17:58:26,428][flwr][INFO] - 	              (7, 0.6395),
[2024-10-12 17:58:26,428][flwr][INFO] - 	              (8, 0.7976),
[2024-10-12 17:58:26,428][flwr][INFO] - 	              (9, 0.8299),
[2024-10-12 17:58:26,428][flwr][INFO] - 	              (10, 0.8596),
[2024-10-12 17:58:26,428][flwr][INFO] - 	              (11, 0.8791),
[2024-10-12 17:58:26,428][flwr][INFO] - 	              (12, 0.89),
[2024-10-12 17:58:26,428][flwr][INFO] - 	              (13, 0.8989),
[2024-10-12 17:58:26,428][flwr][INFO] - 	              (14, 0.9065),
[2024-10-12 17:58:26,428][flwr][INFO] - 	              (15, 0.9126)]}
[2024-10-12 17:58:26,428][flwr][INFO] - 
