[2024-10-13 10:20:56,617][flwr][INFO] - Starting Flower server, config: num_rounds=20, no round_timeout
[2024-10-13 10:20:56,624][flwr][INFO] - Flower ECE: gRPC server running (20 rounds), SSL is disabled
[2024-10-13 10:20:56,624][flwr][INFO] - [INIT]
[2024-10-13 10:20:56,624][flwr][INFO] - Requesting initial parameters from one random client
[2024-10-13 10:20:59,617][flwr][INFO] - Received initial parameters from one random client
[2024-10-13 10:20:59,617][flwr][INFO] - Starting evaluation of initial global parameters
[2024-10-13 10:21:01,091][flwr][INFO] - initial parameters (loss, other metrics): 722.1815905570984, {'accuracy': 0.0802}
[2024-10-13 10:21:01,091][flwr][INFO] - 
[2024-10-13 10:21:01,091][flwr][INFO] - [ROUND 1]
[2024-10-13 10:21:01,343][flwr][INFO] - configure_fit: strategy sampled 2 clients (out of 2)
[2024-10-13 10:21:06,972][flwr][INFO] - aggregate_fit: received 2 results and 0 failures
[2024-10-13 10:21:06,978][flwr][WARNING] - No fit_metrics_aggregation_fn provided
[2024-10-13 10:21:08,179][flwr][INFO] - fit progress: (1, 720.1250629425049, {'accuracy': 0.1001}, 7.08796449099998)
[2024-10-13 10:21:08,180][flwr][INFO] - configure_evaluate: no clients selected, skipping evaluation
[2024-10-13 10:21:08,180][flwr][INFO] - 
[2024-10-13 10:21:08,180][flwr][INFO] - [ROUND 2]
[2024-10-13 10:21:08,180][flwr][INFO] - configure_fit: strategy sampled 2 clients (out of 2)
[2024-10-13 10:21:13,078][flwr][INFO] - aggregate_fit: received 2 results and 0 failures
[2024-10-13 10:21:14,252][flwr][INFO] - fit progress: (2, 717.9127073287964, {'accuracy': 0.1205}, 13.160723508999922)
[2024-10-13 10:21:14,252][flwr][INFO] - configure_evaluate: no clients selected, skipping evaluation
[2024-10-13 10:21:14,252][flwr][INFO] - 
[2024-10-13 10:21:14,252][flwr][INFO] - [ROUND 3]
[2024-10-13 10:21:14,253][flwr][INFO] - configure_fit: strategy sampled 2 clients (out of 2)
[2024-10-13 10:21:19,524][flwr][INFO] - aggregate_fit: received 2 results and 0 failures
[2024-10-13 10:21:20,710][flwr][INFO] - fit progress: (3, 715.424206495285, {'accuracy': 0.1371}, 19.618828436999934)
[2024-10-13 10:21:20,710][flwr][INFO] - configure_evaluate: no clients selected, skipping evaluation
[2024-10-13 10:21:20,711][flwr][INFO] - 
[2024-10-13 10:21:20,711][flwr][INFO] - [ROUND 4]
[2024-10-13 10:21:20,711][flwr][INFO] - configure_fit: strategy sampled 2 clients (out of 2)
[2024-10-13 10:21:26,066][flwr][INFO] - aggregate_fit: received 2 results and 0 failures
[2024-10-13 10:21:27,256][flwr][INFO] - fit progress: (4, 712.2227513790131, {'accuracy': 0.1749}, 26.164532741000016)
[2024-10-13 10:21:27,256][flwr][INFO] - configure_evaluate: no clients selected, skipping evaluation
[2024-10-13 10:21:27,256][flwr][INFO] - 
[2024-10-13 10:21:27,256][flwr][INFO] - [ROUND 5]
[2024-10-13 10:21:27,257][flwr][INFO] - configure_fit: strategy sampled 2 clients (out of 2)
[2024-10-13 10:21:32,311][flwr][INFO] - aggregate_fit: received 2 results and 0 failures
[2024-10-13 10:21:33,500][flwr][INFO] - fit progress: (5, 707.506897687912, {'accuracy': 0.2965}, 32.40908465799998)
[2024-10-13 10:21:33,501][flwr][INFO] - configure_evaluate: no clients selected, skipping evaluation
[2024-10-13 10:21:33,501][flwr][INFO] - 
[2024-10-13 10:21:33,501][flwr][INFO] - [ROUND 6]
[2024-10-13 10:21:33,501][flwr][INFO] - configure_fit: strategy sampled 2 clients (out of 2)
[2024-10-13 10:21:39,027][flwr][INFO] - aggregate_fit: received 2 results and 0 failures
[2024-10-13 10:21:42,782][flwr][INFO] - fit progress: (6, 699.4514162540436, {'accuracy': 0.4339}, 41.69088810299991)
[2024-10-13 10:21:42,782][flwr][INFO] - configure_evaluate: no clients selected, skipping evaluation
[2024-10-13 10:21:42,783][flwr][INFO] - 
[2024-10-13 10:21:42,783][flwr][INFO] - [ROUND 7]
[2024-10-13 10:21:42,783][flwr][INFO] - configure_fit: strategy sampled 2 clients (out of 2)
[2024-10-13 10:21:49,269][flwr][INFO] - aggregate_fit: received 2 results and 0 failures
[2024-10-13 10:21:50,456][flwr][INFO] - fit progress: (7, 683.0803933143616, {'accuracy': 0.5149}, 49.36463478600001)
[2024-10-13 10:21:50,456][flwr][INFO] - configure_evaluate: no clients selected, skipping evaluation
[2024-10-13 10:21:50,456][flwr][INFO] - 
[2024-10-13 10:21:50,456][flwr][INFO] - [ROUND 8]
[2024-10-13 10:21:50,457][flwr][INFO] - configure_fit: strategy sampled 2 clients (out of 2)
[2024-10-13 10:21:55,353][flwr][INFO] - aggregate_fit: received 2 results and 0 failures
[2024-10-13 10:21:56,557][flwr][INFO] - fit progress: (8, 641.873279094696, {'accuracy': 0.5481}, 55.466088286999934)
[2024-10-13 10:21:56,558][flwr][INFO] - configure_evaluate: no clients selected, skipping evaluation
[2024-10-13 10:21:56,558][flwr][INFO] - 
[2024-10-13 10:21:56,558][flwr][INFO] - [ROUND 9]
[2024-10-13 10:21:56,558][flwr][INFO] - configure_fit: strategy sampled 2 clients (out of 2)
[2024-10-13 10:22:02,343][flwr][INFO] - aggregate_fit: received 2 results and 0 failures
[2024-10-13 10:22:03,545][flwr][INFO] - fit progress: (9, 533.9922964572906, {'accuracy': 0.5933}, 62.453332724000006)
[2024-10-13 10:22:03,545][flwr][INFO] - configure_evaluate: no clients selected, skipping evaluation
[2024-10-13 10:22:03,545][flwr][INFO] - 
[2024-10-13 10:22:03,545][flwr][INFO] - [ROUND 10]
[2024-10-13 10:22:03,545][flwr][INFO] - configure_fit: strategy sampled 2 clients (out of 2)
[2024-10-13 10:22:09,394][flwr][INFO] - aggregate_fit: received 2 results and 0 failures
[2024-10-13 10:22:10,572][flwr][INFO] - fit progress: (10, 357.1641916036606, {'accuracy': 0.7123}, 69.48062182599995)
[2024-10-13 10:22:10,572][flwr][INFO] - configure_evaluate: no clients selected, skipping evaluation
[2024-10-13 10:22:10,572][flwr][INFO] - 
[2024-10-13 10:22:10,572][flwr][INFO] - [ROUND 11]
[2024-10-13 10:22:10,573][flwr][INFO] - configure_fit: strategy sampled 2 clients (out of 2)
[2024-10-13 10:22:16,115][flwr][INFO] - aggregate_fit: received 2 results and 0 failures
[2024-10-13 10:22:17,316][flwr][INFO] - fit progress: (11, 245.1577635705471, {'accuracy': 0.7869}, 76.22425230800002)
[2024-10-13 10:22:17,316][flwr][INFO] - configure_evaluate: no clients selected, skipping evaluation
[2024-10-13 10:22:17,316][flwr][INFO] - 
[2024-10-13 10:22:17,316][flwr][INFO] - [ROUND 12]
[2024-10-13 10:22:17,316][flwr][INFO] - configure_fit: strategy sampled 2 clients (out of 2)
[2024-10-13 10:22:22,867][flwr][INFO] - aggregate_fit: received 2 results and 0 failures
[2024-10-13 10:22:24,052][flwr][INFO] - fit progress: (12, 191.79505340754986, {'accuracy': 0.827}, 82.96118771699992)
[2024-10-13 10:22:24,053][flwr][INFO] - configure_evaluate: no clients selected, skipping evaluation
[2024-10-13 10:22:24,053][flwr][INFO] - 
[2024-10-13 10:22:24,053][flwr][INFO] - [ROUND 13]
[2024-10-13 10:22:24,053][flwr][INFO] - configure_fit: strategy sampled 2 clients (out of 2)
[2024-10-13 10:22:29,135][flwr][INFO] - aggregate_fit: received 2 results and 0 failures
[2024-10-13 10:22:30,331][flwr][INFO] - fit progress: (13, 160.18184055387974, {'accuracy': 0.8535}, 89.23987691399986)
[2024-10-13 10:22:30,331][flwr][INFO] - configure_evaluate: no clients selected, skipping evaluation
[2024-10-13 10:22:30,331][flwr][INFO] - 
[2024-10-13 10:22:30,332][flwr][INFO] - [ROUND 14]
[2024-10-13 10:22:30,332][flwr][INFO] - configure_fit: strategy sampled 2 clients (out of 2)
[2024-10-13 10:22:36,278][flwr][INFO] - aggregate_fit: received 2 results and 0 failures
[2024-10-13 10:22:37,505][flwr][INFO] - fit progress: (14, 139.58779238164425, {'accuracy': 0.8718}, 96.41361816300002)
[2024-10-13 10:22:37,505][flwr][INFO] - configure_evaluate: no clients selected, skipping evaluation
[2024-10-13 10:22:37,505][flwr][INFO] - 
[2024-10-13 10:22:37,505][flwr][INFO] - [ROUND 15]
[2024-10-13 10:22:37,506][flwr][INFO] - configure_fit: strategy sampled 2 clients (out of 2)
[2024-10-13 10:22:42,931][flwr][INFO] - aggregate_fit: received 2 results and 0 failures
[2024-10-13 10:22:44,139][flwr][INFO] - fit progress: (15, 125.28162656351924, {'accuracy': 0.8869}, 103.04746423799986)
[2024-10-13 10:22:44,139][flwr][INFO] - configure_evaluate: no clients selected, skipping evaluation
[2024-10-13 10:22:44,139][flwr][INFO] - 
[2024-10-13 10:22:44,139][flwr][INFO] - [ROUND 16]
[2024-10-13 10:22:44,140][flwr][INFO] - configure_fit: strategy sampled 2 clients (out of 2)
[2024-10-13 10:22:49,388][flwr][INFO] - aggregate_fit: received 2 results and 0 failures
[2024-10-13 10:22:50,602][flwr][INFO] - fit progress: (16, 115.1038955450058, {'accuracy': 0.8951}, 109.511099145)
[2024-10-13 10:22:50,603][flwr][INFO] - configure_evaluate: no clients selected, skipping evaluation
[2024-10-13 10:22:50,603][flwr][INFO] - 
[2024-10-13 10:22:50,603][flwr][INFO] - [ROUND 17]
[2024-10-13 10:22:50,603][flwr][INFO] - configure_fit: strategy sampled 2 clients (out of 2)
[2024-10-13 10:22:57,990][flwr][INFO] - aggregate_fit: received 2 results and 0 failures
[2024-10-13 10:23:02,207][flwr][INFO] - fit progress: (17, 107.31000903993845, {'accuracy': 0.9008}, 121.11533118499995)
[2024-10-13 10:23:02,207][flwr][INFO] - configure_evaluate: no clients selected, skipping evaluation
[2024-10-13 10:23:02,207][flwr][INFO] - 
[2024-10-13 10:23:02,207][flwr][INFO] - [ROUND 18]
[2024-10-13 10:23:02,207][flwr][INFO] - configure_fit: strategy sampled 2 clients (out of 2)
[2024-10-13 10:23:24,108][flwr][INFO] - aggregate_fit: received 2 results and 0 failures
[2024-10-13 10:23:25,275][flwr][INFO] - fit progress: (18, 101.01090446859598, {'accuracy': 0.9049}, 144.18387222399986)
[2024-10-13 10:23:25,275][flwr][INFO] - configure_evaluate: no clients selected, skipping evaluation
[2024-10-13 10:23:25,276][flwr][INFO] - 
[2024-10-13 10:23:25,276][flwr][INFO] - [ROUND 19]
[2024-10-13 10:23:25,276][flwr][INFO] - configure_fit: strategy sampled 2 clients (out of 2)
[2024-10-13 10:23:32,542][flwr][INFO] - aggregate_fit: received 2 results and 0 failures
[2024-10-13 10:23:33,677][flwr][INFO] - fit progress: (19, 95.698156978935, {'accuracy': 0.9113}, 152.58592373699992)
[2024-10-13 10:23:33,677][flwr][INFO] - configure_evaluate: no clients selected, skipping evaluation
[2024-10-13 10:23:33,678][flwr][INFO] - 
[2024-10-13 10:23:33,678][flwr][INFO] - [ROUND 20]
[2024-10-13 10:23:33,678][flwr][INFO] - configure_fit: strategy sampled 2 clients (out of 2)
[2024-10-13 10:23:41,620][flwr][INFO] - aggregate_fit: received 2 results and 0 failures
[2024-10-13 10:23:45,783][flwr][INFO] - fit progress: (20, 91.03136123903096, {'accuracy': 0.9152}, 164.69224093700007)
[2024-10-13 10:23:45,784][flwr][INFO] - configure_evaluate: no clients selected, skipping evaluation
[2024-10-13 10:23:45,784][flwr][INFO] - 
[2024-10-13 10:23:45,784][flwr][INFO] - [SUMMARY]
[2024-10-13 10:23:45,784][flwr][INFO] - Run finished 20 round(s) in 164.69s
[2024-10-13 10:23:45,785][flwr][INFO] - 	History (loss, centralized):
[2024-10-13 10:23:45,785][flwr][INFO] - 		round 0: 722.1815905570984
[2024-10-13 10:23:45,785][flwr][INFO] - 		round 1: 720.1250629425049
[2024-10-13 10:23:45,785][flwr][INFO] - 		round 2: 717.9127073287964
[2024-10-13 10:23:45,785][flwr][INFO] - 		round 3: 715.424206495285
[2024-10-13 10:23:45,785][flwr][INFO] - 		round 4: 712.2227513790131
[2024-10-13 10:23:45,785][flwr][INFO] - 		round 5: 707.506897687912
[2024-10-13 10:23:45,785][flwr][INFO] - 		round 6: 699.4514162540436
[2024-10-13 10:23:45,785][flwr][INFO] - 		round 7: 683.0803933143616
[2024-10-13 10:23:45,785][flwr][INFO] - 		round 8: 641.873279094696
[2024-10-13 10:23:45,785][flwr][INFO] - 		round 9: 533.9922964572906
[2024-10-13 10:23:45,786][flwr][INFO] - 		round 10: 357.1641916036606
[2024-10-13 10:23:45,786][flwr][INFO] - 		round 11: 245.1577635705471
[2024-10-13 10:23:45,786][flwr][INFO] - 		round 12: 191.79505340754986
[2024-10-13 10:23:45,786][flwr][INFO] - 		round 13: 160.18184055387974
[2024-10-13 10:23:45,786][flwr][INFO] - 		round 14: 139.58779238164425
[2024-10-13 10:23:45,786][flwr][INFO] - 		round 15: 125.28162656351924
[2024-10-13 10:23:45,786][flwr][INFO] - 		round 16: 115.1038955450058
[2024-10-13 10:23:45,786][flwr][INFO] - 		round 17: 107.31000903993845
[2024-10-13 10:23:45,786][flwr][INFO] - 		round 18: 101.01090446859598
[2024-10-13 10:23:45,786][flwr][INFO] - 		round 19: 95.698156978935
[2024-10-13 10:23:45,786][flwr][INFO] - 		round 20: 91.03136123903096
[2024-10-13 10:23:45,786][flwr][INFO] - 	History (metrics, centralized):
[2024-10-13 10:23:45,786][flwr][INFO] - 	{'accuracy': [(0, 0.0802),
[2024-10-13 10:23:45,786][flwr][INFO] - 	              (1, 0.1001),
[2024-10-13 10:23:45,787][flwr][INFO] - 	              (2, 0.1205),
[2024-10-13 10:23:45,787][flwr][INFO] - 	              (3, 0.1371),
[2024-10-13 10:23:45,787][flwr][INFO] - 	              (4, 0.1749),
[2024-10-13 10:23:45,787][flwr][INFO] - 	              (5, 0.2965),
[2024-10-13 10:23:45,787][flwr][INFO] - 	              (6, 0.4339),
[2024-10-13 10:23:45,787][flwr][INFO] - 	              (7, 0.5149),
[2024-10-13 10:23:45,787][flwr][INFO] - 	              (8, 0.5481),
[2024-10-13 10:23:45,787][flwr][INFO] - 	              (9, 0.5933),
[2024-10-13 10:23:45,787][flwr][INFO] - 	              (10, 0.7123),
[2024-10-13 10:23:45,787][flwr][INFO] - 	              (11, 0.7869),
[2024-10-13 10:23:45,787][flwr][INFO] - 	              (12, 0.827),
[2024-10-13 10:23:45,787][flwr][INFO] - 	              (13, 0.8535),
[2024-10-13 10:23:45,787][flwr][INFO] - 	              (14, 0.8718),
[2024-10-13 10:23:45,787][flwr][INFO] - 	              (15, 0.8869),
[2024-10-13 10:23:45,787][flwr][INFO] - 	              (16, 0.8951),
[2024-10-13 10:23:45,788][flwr][INFO] - 	              (17, 0.9008),
[2024-10-13 10:23:45,788][flwr][INFO] - 	              (18, 0.9049),
[2024-10-13 10:23:45,788][flwr][INFO] - 	              (19, 0.9113),
[2024-10-13 10:23:45,788][flwr][INFO] - 	              (20, 0.9152)]}
[2024-10-13 10:23:45,788][flwr][INFO] - 
