[2024-10-12 18:16:18,725][flwr][INFO] - Starting Flower server, config: num_rounds=20, no round_timeout
[2024-10-12 18:16:18,730][flwr][INFO] - Flower ECE: gRPC server running (20 rounds), SSL is disabled
[2024-10-12 18:16:18,730][flwr][INFO] - [INIT]
[2024-10-12 18:16:18,730][flwr][INFO] - Requesting initial parameters from one random client
[2024-10-12 18:16:19,210][flwr][INFO] - Received initial parameters from one random client
[2024-10-12 18:16:19,210][flwr][INFO] - Starting evaluation of initial global parameters
[2024-10-12 18:16:20,461][flwr][INFO] - initial parameters (loss, other metrics): 722.6568899154663, {'accuracy': 0.1091}
[2024-10-12 18:16:20,461][flwr][INFO] - 
[2024-10-12 18:16:20,461][flwr][INFO] - [ROUND 1]
[2024-10-12 18:16:35,011][flwr][INFO] - configure_fit: strategy sampled 2 clients (out of 2)
[2024-10-12 18:16:38,183][flwr][INFO] - aggregate_fit: received 2 results and 0 failures
[2024-10-12 18:16:38,185][flwr][WARNING] - No fit_metrics_aggregation_fn provided
[2024-10-12 18:16:39,031][flwr][INFO] - fit progress: (1, 720.410701751709, {'accuracy': 0.1314}, 18.570477410999956)
[2024-10-12 18:16:39,032][flwr][INFO] - configure_evaluate: no clients selected, skipping evaluation
[2024-10-12 18:16:39,032][flwr][INFO] - 
[2024-10-12 18:16:39,032][flwr][INFO] - [ROUND 2]
[2024-10-12 18:16:39,032][flwr][INFO] - configure_fit: strategy sampled 2 clients (out of 2)
[2024-10-12 18:16:42,245][flwr][INFO] - aggregate_fit: received 2 results and 0 failures
[2024-10-12 18:16:43,060][flwr][INFO] - fit progress: (2, 717.9568088054657, {'accuracy': 0.1603}, 22.598775869000747)
[2024-10-12 18:16:43,060][flwr][INFO] - configure_evaluate: no clients selected, skipping evaluation
[2024-10-12 18:16:43,060][flwr][INFO] - 
[2024-10-12 18:16:43,060][flwr][INFO] - [ROUND 3]
[2024-10-12 18:16:43,060][flwr][INFO] - configure_fit: strategy sampled 2 clients (out of 2)
[2024-10-12 18:16:46,340][flwr][INFO] - aggregate_fit: received 2 results and 0 failures
[2024-10-12 18:16:47,205][flwr][INFO] - fit progress: (3, 714.8615453243256, {'accuracy': 0.1846}, 26.743794897000043)
[2024-10-12 18:16:47,205][flwr][INFO] - configure_evaluate: no clients selected, skipping evaluation
[2024-10-12 18:16:47,205][flwr][INFO] - 
[2024-10-12 18:16:47,205][flwr][INFO] - [ROUND 4]
[2024-10-12 18:16:47,205][flwr][INFO] - configure_fit: strategy sampled 2 clients (out of 2)
[2024-10-12 18:16:51,326][flwr][INFO] - aggregate_fit: received 2 results and 0 failures
[2024-10-12 18:16:52,259][flwr][INFO] - fit progress: (4, 710.3679616451263, {'accuracy': 0.2297}, 31.798524555000768)
[2024-10-12 18:16:52,260][flwr][INFO] - configure_evaluate: no clients selected, skipping evaluation
[2024-10-12 18:16:52,260][flwr][INFO] - 
[2024-10-12 18:16:52,260][flwr][INFO] - [ROUND 5]
[2024-10-12 18:16:52,260][flwr][INFO] - configure_fit: strategy sampled 2 clients (out of 2)
[2024-10-12 18:16:56,124][flwr][INFO] - aggregate_fit: received 2 results and 0 failures
[2024-10-12 18:16:57,029][flwr][INFO] - fit progress: (5, 702.7582402229309, {'accuracy': 0.3016}, 36.568353209000634)
[2024-10-12 18:16:57,029][flwr][INFO] - configure_evaluate: no clients selected, skipping evaluation
[2024-10-12 18:16:57,029][flwr][INFO] - 
[2024-10-12 18:16:57,029][flwr][INFO] - [ROUND 6]
[2024-10-12 18:16:57,030][flwr][INFO] - configure_fit: strategy sampled 2 clients (out of 2)
[2024-10-12 18:17:00,289][flwr][INFO] - aggregate_fit: received 2 results and 0 failures
[2024-10-12 18:17:01,155][flwr][INFO] - fit progress: (6, 687.3917660713196, {'accuracy': 0.3729}, 40.694292829000915)
[2024-10-12 18:17:01,155][flwr][INFO] - configure_evaluate: no clients selected, skipping evaluation
[2024-10-12 18:17:01,155][flwr][INFO] - 
[2024-10-12 18:17:01,156][flwr][INFO] - [ROUND 7]
[2024-10-12 18:17:01,156][flwr][INFO] - configure_fit: strategy sampled 2 clients (out of 2)
[2024-10-12 18:17:04,394][flwr][INFO] - aggregate_fit: received 2 results and 0 failures
[2024-10-12 18:17:05,299][flwr][INFO] - fit progress: (7, 650.1653311252594, {'accuracy': 0.4873}, 44.83827321900026)
[2024-10-12 18:17:05,299][flwr][INFO] - configure_evaluate: no clients selected, skipping evaluation
[2024-10-12 18:17:05,299][flwr][INFO] - 
[2024-10-12 18:17:05,299][flwr][INFO] - [ROUND 8]
[2024-10-12 18:17:05,300][flwr][INFO] - configure_fit: strategy sampled 2 clients (out of 2)
[2024-10-12 18:17:08,514][flwr][INFO] - aggregate_fit: received 2 results and 0 failures
[2024-10-12 18:17:09,439][flwr][INFO] - fit progress: (8, 548.1775106191635, {'accuracy': 0.6051}, 48.97862483100107)
[2024-10-12 18:17:09,440][flwr][INFO] - configure_evaluate: no clients selected, skipping evaluation
[2024-10-12 18:17:09,440][flwr][INFO] - 
[2024-10-12 18:17:09,440][flwr][INFO] - [ROUND 9]
[2024-10-12 18:17:09,440][flwr][INFO] - configure_fit: strategy sampled 2 clients (out of 2)
[2024-10-12 18:17:13,105][flwr][INFO] - aggregate_fit: received 2 results and 0 failures
[2024-10-12 18:17:15,505][flwr][INFO] - fit progress: (9, 374.7541353702545, {'accuracy': 0.714}, 55.043968285999654)
[2024-10-12 18:17:15,505][flwr][INFO] - configure_evaluate: no clients selected, skipping evaluation
[2024-10-12 18:17:15,505][flwr][INFO] - 
[2024-10-12 18:17:15,505][flwr][INFO] - [ROUND 10]
[2024-10-12 18:17:15,505][flwr][INFO] - configure_fit: strategy sampled 2 clients (out of 2)
[2024-10-12 18:17:18,663][flwr][INFO] - aggregate_fit: received 2 results and 0 failures
[2024-10-12 18:17:19,689][flwr][INFO] - fit progress: (10, 253.39651891589165, {'accuracy': 0.7878}, 59.228142702000696)
[2024-10-12 18:17:19,689][flwr][INFO] - configure_evaluate: no clients selected, skipping evaluation
[2024-10-12 18:17:19,689][flwr][INFO] - 
[2024-10-12 18:17:19,689][flwr][INFO] - [ROUND 11]
[2024-10-12 18:17:19,690][flwr][INFO] - configure_fit: strategy sampled 2 clients (out of 2)
[2024-10-12 18:17:23,130][flwr][INFO] - aggregate_fit: received 2 results and 0 failures
[2024-10-12 18:17:24,029][flwr][INFO] - fit progress: (11, 198.5974258184433, {'accuracy': 0.8224}, 63.5676396430008)
[2024-10-12 18:17:24,029][flwr][INFO] - configure_evaluate: no clients selected, skipping evaluation
[2024-10-12 18:17:24,029][flwr][INFO] - 
[2024-10-12 18:17:24,029][flwr][INFO] - [ROUND 12]
[2024-10-12 18:17:24,029][flwr][INFO] - configure_fit: strategy sampled 2 clients (out of 2)
[2024-10-12 18:17:27,483][flwr][INFO] - aggregate_fit: received 2 results and 0 failures
[2024-10-12 18:17:28,438][flwr][INFO] - fit progress: (12, 169.67559375613928, {'accuracy': 0.8435}, 67.97746958900098)
[2024-10-12 18:17:28,439][flwr][INFO] - configure_evaluate: no clients selected, skipping evaluation
[2024-10-12 18:17:28,439][flwr][INFO] - 
[2024-10-12 18:17:28,439][flwr][INFO] - [ROUND 13]
[2024-10-12 18:17:28,439][flwr][INFO] - configure_fit: strategy sampled 2 clients (out of 2)
[2024-10-12 18:17:31,656][flwr][INFO] - aggregate_fit: received 2 results and 0 failures
[2024-10-12 18:17:34,057][flwr][INFO] - fit progress: (13, 150.45171607285738, {'accuracy': 0.8603}, 73.59646964900094)
[2024-10-12 18:17:34,058][flwr][INFO] - configure_evaluate: no clients selected, skipping evaluation
[2024-10-12 18:17:34,058][flwr][INFO] - 
[2024-10-12 18:17:34,058][flwr][INFO] - [ROUND 14]
[2024-10-12 18:17:34,058][flwr][INFO] - configure_fit: strategy sampled 2 clients (out of 2)
[2024-10-12 18:17:37,391][flwr][INFO] - aggregate_fit: received 2 results and 0 failures
[2024-10-12 18:17:38,299][flwr][INFO] - fit progress: (14, 136.2977918572724, {'accuracy': 0.8743}, 77.83782566800073)
[2024-10-12 18:17:38,299][flwr][INFO] - configure_evaluate: no clients selected, skipping evaluation
[2024-10-12 18:17:38,299][flwr][INFO] - 
[2024-10-12 18:17:38,299][flwr][INFO] - [ROUND 15]
[2024-10-12 18:17:38,299][flwr][INFO] - configure_fit: strategy sampled 2 clients (out of 2)
[2024-10-12 18:17:41,837][flwr][INFO] - aggregate_fit: received 2 results and 0 failures
[2024-10-12 18:17:44,182][flwr][INFO] - fit progress: (15, 125.06286089122295, {'accuracy': 0.8837}, 83.7214949600002)
[2024-10-12 18:17:44,183][flwr][INFO] - configure_evaluate: no clients selected, skipping evaluation
[2024-10-12 18:17:44,183][flwr][INFO] - 
[2024-10-12 18:17:44,183][flwr][INFO] - [ROUND 16]
[2024-10-12 18:17:44,183][flwr][INFO] - configure_fit: strategy sampled 2 clients (out of 2)
[2024-10-12 18:17:47,709][flwr][INFO] - aggregate_fit: received 2 results and 0 failures
[2024-10-12 18:17:48,580][flwr][INFO] - fit progress: (16, 115.84749955311418, {'accuracy': 0.8923}, 88.11960626499967)
[2024-10-12 18:17:48,581][flwr][INFO] - configure_evaluate: no clients selected, skipping evaluation
[2024-10-12 18:17:48,581][flwr][INFO] - 
[2024-10-12 18:17:48,581][flwr][INFO] - [ROUND 17]
[2024-10-12 18:17:48,581][flwr][INFO] - configure_fit: strategy sampled 2 clients (out of 2)
[2024-10-12 18:17:51,842][flwr][INFO] - aggregate_fit: received 2 results and 0 failures
[2024-10-12 18:17:54,196][flwr][INFO] - fit progress: (17, 108.04930968955159, {'accuracy': 0.9013}, 93.73532054899988)
[2024-10-12 18:17:54,196][flwr][INFO] - configure_evaluate: no clients selected, skipping evaluation
[2024-10-12 18:17:54,196][flwr][INFO] - 
[2024-10-12 18:17:54,196][flwr][INFO] - [ROUND 18]
[2024-10-12 18:17:54,197][flwr][INFO] - configure_fit: strategy sampled 2 clients (out of 2)
[2024-10-12 18:17:57,441][flwr][INFO] - aggregate_fit: received 2 results and 0 failures
[2024-10-12 18:17:58,361][flwr][INFO] - fit progress: (18, 101.34319975972176, {'accuracy': 0.9084}, 97.89978502000122)
[2024-10-12 18:17:58,361][flwr][INFO] - configure_evaluate: no clients selected, skipping evaluation
[2024-10-12 18:17:58,361][flwr][INFO] - 
[2024-10-12 18:17:58,361][flwr][INFO] - [ROUND 19]
[2024-10-12 18:17:58,361][flwr][INFO] - configure_fit: strategy sampled 2 clients (out of 2)
[2024-10-12 18:18:01,634][flwr][INFO] - aggregate_fit: received 2 results and 0 failures
[2024-10-12 18:18:02,540][flwr][INFO] - fit progress: (19, 95.6042824536562, {'accuracy': 0.9131}, 102.0788153350004)
[2024-10-12 18:18:02,540][flwr][INFO] - configure_evaluate: no clients selected, skipping evaluation
[2024-10-12 18:18:02,540][flwr][INFO] - 
[2024-10-12 18:18:02,540][flwr][INFO] - [ROUND 20]
[2024-10-12 18:18:02,540][flwr][INFO] - configure_fit: strategy sampled 2 clients (out of 2)
[2024-10-12 18:18:05,758][flwr][INFO] - aggregate_fit: received 2 results and 0 failures
[2024-10-12 18:18:06,659][flwr][INFO] - fit progress: (20, 90.52417874522507, {'accuracy': 0.9167}, 106.19821953599967)
[2024-10-12 18:18:06,659][flwr][INFO] - configure_evaluate: no clients selected, skipping evaluation
[2024-10-12 18:18:06,659][flwr][INFO] - 
[2024-10-12 18:18:06,659][flwr][INFO] - [SUMMARY]
[2024-10-12 18:18:06,660][flwr][INFO] - Run finished 20 round(s) in 106.20s
[2024-10-12 18:18:06,660][flwr][INFO] - 	History (loss, centralized):
[2024-10-12 18:18:06,660][flwr][INFO] - 		round 0: 722.6568899154663
[2024-10-12 18:18:06,660][flwr][INFO] - 		round 1: 720.410701751709
[2024-10-12 18:18:06,660][flwr][INFO] - 		round 2: 717.9568088054657
[2024-10-12 18:18:06,660][flwr][INFO] - 		round 3: 714.8615453243256
[2024-10-12 18:18:06,660][flwr][INFO] - 		round 4: 710.3679616451263
[2024-10-12 18:18:06,660][flwr][INFO] - 		round 5: 702.7582402229309
[2024-10-12 18:18:06,660][flwr][INFO] - 		round 6: 687.3917660713196
[2024-10-12 18:18:06,660][flwr][INFO] - 		round 7: 650.1653311252594
[2024-10-12 18:18:06,660][flwr][INFO] - 		round 8: 548.1775106191635
[2024-10-12 18:18:06,660][flwr][INFO] - 		round 9: 374.7541353702545
[2024-10-12 18:18:06,661][flwr][INFO] - 		round 10: 253.39651891589165
[2024-10-12 18:18:06,661][flwr][INFO] - 		round 11: 198.5974258184433
[2024-10-12 18:18:06,661][flwr][INFO] - 		round 12: 169.67559375613928
[2024-10-12 18:18:06,661][flwr][INFO] - 		round 13: 150.45171607285738
[2024-10-12 18:18:06,661][flwr][INFO] - 		round 14: 136.2977918572724
[2024-10-12 18:18:06,661][flwr][INFO] - 		round 15: 125.06286089122295
[2024-10-12 18:18:06,661][flwr][INFO] - 		round 16: 115.84749955311418
[2024-10-12 18:18:06,661][flwr][INFO] - 		round 17: 108.04930968955159
[2024-10-12 18:18:06,661][flwr][INFO] - 		round 18: 101.34319975972176
[2024-10-12 18:18:06,661][flwr][INFO] - 		round 19: 95.6042824536562
[2024-10-12 18:18:06,661][flwr][INFO] - 		round 20: 90.52417874522507
[2024-10-12 18:18:06,661][flwr][INFO] - 	History (metrics, centralized):
[2024-10-12 18:18:06,661][flwr][INFO] - 	{'accuracy': [(0, 0.1091),
[2024-10-12 18:18:06,661][flwr][INFO] - 	              (1, 0.1314),
[2024-10-12 18:18:06,661][flwr][INFO] - 	              (2, 0.1603),
[2024-10-12 18:18:06,661][flwr][INFO] - 	              (3, 0.1846),
[2024-10-12 18:18:06,661][flwr][INFO] - 	              (4, 0.2297),
[2024-10-12 18:18:06,661][flwr][INFO] - 	              (5, 0.3016),
[2024-10-12 18:18:06,661][flwr][INFO] - 	              (6, 0.3729),
[2024-10-12 18:18:06,661][flwr][INFO] - 	              (7, 0.4873),
[2024-10-12 18:18:06,662][flwr][INFO] - 	              (8, 0.6051),
[2024-10-12 18:18:06,662][flwr][INFO] - 	              (9, 0.714),
[2024-10-12 18:18:06,662][flwr][INFO] - 	              (10, 0.7878),
[2024-10-12 18:18:06,662][flwr][INFO] - 	              (11, 0.8224),
[2024-10-12 18:18:06,662][flwr][INFO] - 	              (12, 0.8435),
[2024-10-12 18:18:06,662][flwr][INFO] - 	              (13, 0.8603),
[2024-10-12 18:18:06,662][flwr][INFO] - 	              (14, 0.8743),
[2024-10-12 18:18:06,662][flwr][INFO] - 	              (15, 0.8837),
[2024-10-12 18:18:06,662][flwr][INFO] - 	              (16, 0.8923),
[2024-10-12 18:18:06,662][flwr][INFO] - 	              (17, 0.9013),
[2024-10-12 18:18:06,662][flwr][INFO] - 	              (18, 0.9084),
[2024-10-12 18:18:06,662][flwr][INFO] - 	              (19, 0.9131),
[2024-10-12 18:18:06,662][flwr][INFO] - 	              (20, 0.9167)]}
[2024-10-12 18:18:06,662][flwr][INFO] - 
