[2024-10-13 10:29:31,594][flwr][INFO] - Starting Flower server, config: num_rounds=20, no round_timeout
[2024-10-13 10:29:31,600][flwr][INFO] - Flower ECE: gRPC server running (20 rounds), SSL is disabled
[2024-10-13 10:29:31,600][flwr][INFO] - [INIT]
[2024-10-13 10:29:31,601][flwr][INFO] - Requesting initial parameters from one random client
[2024-10-13 10:29:33,053][flwr][INFO] - Received initial parameters from one random client
[2024-10-13 10:29:33,054][flwr][INFO] - Starting evaluation of initial global parameters
[2024-10-13 10:29:34,545][flwr][INFO] - initial parameters (loss, other metrics): 720.5763864517212, {'accuracy': 0.1032}
[2024-10-13 10:29:34,546][flwr][INFO] - 
[2024-10-13 10:29:34,546][flwr][INFO] - [ROUND 1]
[2024-10-13 10:29:44,284][flwr][INFO] - configure_fit: strategy sampled 2 clients (out of 4)
[2024-10-13 10:29:50,813][flwr][INFO] - aggregate_fit: received 2 results and 0 failures
[2024-10-13 10:29:50,818][flwr][WARNING] - No fit_metrics_aggregation_fn provided
[2024-10-13 10:29:51,934][flwr][INFO] - fit progress: (1, 718.486186504364, {'accuracy': 0.1032}, 17.38785765500006)
[2024-10-13 10:29:51,934][flwr][INFO] - configure_evaluate: no clients selected, skipping evaluation
[2024-10-13 10:29:51,934][flwr][INFO] - 
[2024-10-13 10:29:51,934][flwr][INFO] - [ROUND 2]
[2024-10-13 10:29:51,934][flwr][INFO] - configure_fit: strategy sampled 2 clients (out of 4)
[2024-10-13 10:29:58,153][flwr][INFO] - aggregate_fit: received 2 results and 0 failures
[2024-10-13 10:29:59,280][flwr][INFO] - fit progress: (2, 716.3259847164154, {'accuracy': 0.1036}, 24.73379025899999)
[2024-10-13 10:29:59,280][flwr][INFO] - configure_evaluate: no clients selected, skipping evaluation
[2024-10-13 10:29:59,280][flwr][INFO] - 
[2024-10-13 10:29:59,280][flwr][INFO] - [ROUND 3]
[2024-10-13 10:29:59,280][flwr][INFO] - configure_fit: strategy sampled 2 clients (out of 4)
[2024-10-13 10:30:05,165][flwr][INFO] - aggregate_fit: received 2 results and 0 failures
[2024-10-13 10:30:06,415][flwr][INFO] - fit progress: (3, 713.8890283107758, {'accuracy': 0.1069}, 31.869329677999986)
[2024-10-13 10:30:06,415][flwr][INFO] - configure_evaluate: no clients selected, skipping evaluation
[2024-10-13 10:30:06,415][flwr][INFO] - 
[2024-10-13 10:30:06,416][flwr][INFO] - [ROUND 4]
[2024-10-13 10:30:06,416][flwr][INFO] - configure_fit: strategy sampled 2 clients (out of 4)
[2024-10-13 10:30:15,086][flwr][INFO] - aggregate_fit: received 2 results and 0 failures
[2024-10-13 10:30:16,245][flwr][INFO] - fit progress: (4, 710.6776964664459, {'accuracy': 0.115}, 41.699076330000025)
[2024-10-13 10:30:16,245][flwr][INFO] - configure_evaluate: no clients selected, skipping evaluation
[2024-10-13 10:30:16,245][flwr][INFO] - 
[2024-10-13 10:30:16,245][flwr][INFO] - [ROUND 5]
[2024-10-13 10:30:16,246][flwr][INFO] - configure_fit: strategy sampled 2 clients (out of 4)
[2024-10-13 10:30:24,515][flwr][INFO] - aggregate_fit: received 2 results and 0 failures
[2024-10-13 10:30:25,655][flwr][INFO] - fit progress: (5, 705.8003408908844, {'accuracy': 0.1474}, 51.109286668000095)
[2024-10-13 10:30:25,655][flwr][INFO] - configure_evaluate: no clients selected, skipping evaluation
[2024-10-13 10:30:25,656][flwr][INFO] - 
[2024-10-13 10:30:25,656][flwr][INFO] - [ROUND 6]
[2024-10-13 10:30:25,656][flwr][INFO] - configure_fit: strategy sampled 2 clients (out of 4)
[2024-10-13 10:30:33,820][flwr][INFO] - aggregate_fit: received 2 results and 0 failures
[2024-10-13 10:30:34,948][flwr][INFO] - fit progress: (6, 697.976101398468, {'accuracy': 0.2095}, 60.402482343999964)
[2024-10-13 10:30:34,949][flwr][INFO] - configure_evaluate: no clients selected, skipping evaluation
[2024-10-13 10:30:34,949][flwr][INFO] - 
[2024-10-13 10:30:34,949][flwr][INFO] - [ROUND 7]
[2024-10-13 10:30:34,949][flwr][INFO] - configure_fit: strategy sampled 2 clients (out of 4)
[2024-10-13 10:30:42,319][flwr][INFO] - aggregate_fit: received 2 results and 0 failures
[2024-10-13 10:30:43,422][flwr][INFO] - fit progress: (7, 684.2373433113098, {'accuracy': 0.3363}, 68.87662839200016)
[2024-10-13 10:30:43,423][flwr][INFO] - configure_evaluate: no clients selected, skipping evaluation
[2024-10-13 10:30:43,423][flwr][INFO] - 
[2024-10-13 10:30:43,423][flwr][INFO] - [ROUND 8]
[2024-10-13 10:30:43,423][flwr][INFO] - configure_fit: strategy sampled 2 clients (out of 4)
[2024-10-13 10:30:49,167][flwr][INFO] - aggregate_fit: received 2 results and 0 failures
[2024-10-13 10:30:50,293][flwr][INFO] - fit progress: (8, 655.7499468326569, {'accuracy': 0.4965}, 75.74708381300002)
[2024-10-13 10:30:50,293][flwr][INFO] - configure_evaluate: no clients selected, skipping evaluation
[2024-10-13 10:30:50,293][flwr][INFO] - 
[2024-10-13 10:30:50,293][flwr][INFO] - [ROUND 9]
[2024-10-13 10:30:50,294][flwr][INFO] - configure_fit: strategy sampled 2 clients (out of 4)
[2024-10-13 10:30:56,128][flwr][INFO] - aggregate_fit: received 2 results and 0 failures
[2024-10-13 10:30:57,327][flwr][INFO] - fit progress: (9, 586.7866363525391, {'accuracy': 0.6747}, 82.78151271699994)
[2024-10-13 10:30:57,328][flwr][INFO] - configure_evaluate: no clients selected, skipping evaluation
[2024-10-13 10:30:57,328][flwr][INFO] - 
[2024-10-13 10:30:57,328][flwr][INFO] - [ROUND 10]
[2024-10-13 10:30:57,328][flwr][INFO] - configure_fit: strategy sampled 2 clients (out of 4)
[2024-10-13 10:31:04,274][flwr][INFO] - aggregate_fit: received 2 results and 0 failures
[2024-10-13 10:31:05,381][flwr][INFO] - fit progress: (10, 413.08228105306625, {'accuracy': 0.7947}, 90.83545427100012)
[2024-10-13 10:31:05,382][flwr][INFO] - configure_evaluate: no clients selected, skipping evaluation
[2024-10-13 10:31:05,382][flwr][INFO] - 
[2024-10-13 10:31:05,382][flwr][INFO] - [ROUND 11]
[2024-10-13 10:31:05,382][flwr][INFO] - configure_fit: strategy sampled 2 clients (out of 4)
[2024-10-13 10:31:11,325][flwr][INFO] - aggregate_fit: received 2 results and 0 failures
[2024-10-13 10:31:12,469][flwr][INFO] - fit progress: (11, 237.3396147787571, {'accuracy': 0.8458}, 97.9232375040001)
[2024-10-13 10:31:12,469][flwr][INFO] - configure_evaluate: no clients selected, skipping evaluation
[2024-10-13 10:31:12,469][flwr][INFO] - 
[2024-10-13 10:31:12,470][flwr][INFO] - [ROUND 12]
[2024-10-13 10:31:12,470][flwr][INFO] - configure_fit: strategy sampled 2 clients (out of 4)
[2024-10-13 10:31:17,842][flwr][INFO] - aggregate_fit: received 2 results and 0 failures
[2024-10-13 10:31:18,932][flwr][INFO] - fit progress: (12, 166.64663998782635, {'accuracy': 0.8684}, 104.385799765)
[2024-10-13 10:31:18,932][flwr][INFO] - configure_evaluate: no clients selected, skipping evaluation
[2024-10-13 10:31:18,932][flwr][INFO] - 
[2024-10-13 10:31:18,932][flwr][INFO] - [ROUND 13]
[2024-10-13 10:31:18,932][flwr][INFO] - configure_fit: strategy sampled 2 clients (out of 4)
[2024-10-13 10:31:25,335][flwr][INFO] - aggregate_fit: received 2 results and 0 failures
[2024-10-13 10:31:26,473][flwr][INFO] - fit progress: (13, 133.15361408889294, {'accuracy': 0.8868}, 111.92722042000014)
[2024-10-13 10:31:26,473][flwr][INFO] - configure_evaluate: no clients selected, skipping evaluation
[2024-10-13 10:31:26,473][flwr][INFO] - 
[2024-10-13 10:31:26,473][flwr][INFO] - [ROUND 14]
[2024-10-13 10:31:26,474][flwr][INFO] - configure_fit: strategy sampled 2 clients (out of 4)
[2024-10-13 10:31:31,599][flwr][INFO] - aggregate_fit: received 2 results and 0 failures
[2024-10-13 10:31:32,731][flwr][INFO] - fit progress: (14, 114.31385431438684, {'accuracy': 0.9}, 118.18524951800009)
[2024-10-13 10:31:32,731][flwr][INFO] - configure_evaluate: no clients selected, skipping evaluation
[2024-10-13 10:31:32,731][flwr][INFO] - 
[2024-10-13 10:31:32,732][flwr][INFO] - [ROUND 15]
[2024-10-13 10:31:32,732][flwr][INFO] - configure_fit: strategy sampled 2 clients (out of 4)
[2024-10-13 10:31:37,621][flwr][INFO] - aggregate_fit: received 2 results and 0 failures
[2024-10-13 10:31:38,784][flwr][INFO] - fit progress: (15, 100.67770691215992, {'accuracy': 0.911}, 124.23825290400009)
[2024-10-13 10:31:38,784][flwr][INFO] - configure_evaluate: no clients selected, skipping evaluation
[2024-10-13 10:31:38,784][flwr][INFO] - 
[2024-10-13 10:31:38,784][flwr][INFO] - [ROUND 16]
[2024-10-13 10:31:38,785][flwr][INFO] - configure_fit: strategy sampled 2 clients (out of 4)
[2024-10-13 10:31:44,397][flwr][INFO] - aggregate_fit: received 2 results and 0 failures
[2024-10-13 10:31:45,475][flwr][INFO] - fit progress: (16, 91.29408824630082, {'accuracy': 0.9171}, 130.92943758599995)
[2024-10-13 10:31:45,475][flwr][INFO] - configure_evaluate: no clients selected, skipping evaluation
[2024-10-13 10:31:45,476][flwr][INFO] - 
[2024-10-13 10:31:45,476][flwr][INFO] - [ROUND 17]
[2024-10-13 10:31:45,476][flwr][INFO] - configure_fit: strategy sampled 2 clients (out of 4)
[2024-10-13 10:31:52,020][flwr][INFO] - aggregate_fit: received 2 results and 0 failures
[2024-10-13 10:31:53,117][flwr][INFO] - fit progress: (17, 84.14337046258152, {'accuracy': 0.9219}, 138.5712943200001)
[2024-10-13 10:31:53,117][flwr][INFO] - configure_evaluate: no clients selected, skipping evaluation
[2024-10-13 10:31:53,117][flwr][INFO] - 
[2024-10-13 10:31:53,118][flwr][INFO] - [ROUND 18]
[2024-10-13 10:31:53,118][flwr][INFO] - configure_fit: strategy sampled 2 clients (out of 4)
[2024-10-13 10:31:58,489][flwr][INFO] - aggregate_fit: received 2 results and 0 failures
[2024-10-13 10:31:59,599][flwr][INFO] - fit progress: (18, 79.40990609582514, {'accuracy': 0.9267}, 145.0531053100001)
[2024-10-13 10:31:59,599][flwr][INFO] - configure_evaluate: no clients selected, skipping evaluation
[2024-10-13 10:31:59,599][flwr][INFO] - 
[2024-10-13 10:31:59,599][flwr][INFO] - [ROUND 19]
[2024-10-13 10:31:59,600][flwr][INFO] - configure_fit: strategy sampled 2 clients (out of 4)
[2024-10-13 10:32:08,105][flwr][INFO] - aggregate_fit: received 2 results and 0 failures
[2024-10-13 10:32:09,253][flwr][INFO] - fit progress: (19, 74.39644878264517, {'accuracy': 0.93}, 154.70705331299996)
[2024-10-13 10:32:09,253][flwr][INFO] - configure_evaluate: no clients selected, skipping evaluation
[2024-10-13 10:32:09,253][flwr][INFO] - 
[2024-10-13 10:32:09,253][flwr][INFO] - [ROUND 20]
[2024-10-13 10:32:09,254][flwr][INFO] - configure_fit: strategy sampled 2 clients (out of 4)
[2024-10-13 10:32:15,982][flwr][INFO] - aggregate_fit: received 2 results and 0 failures
[2024-10-13 10:32:17,101][flwr][INFO] - fit progress: (20, 70.75587315065786, {'accuracy': 0.9334}, 162.55563248800013)
[2024-10-13 10:32:17,102][flwr][INFO] - configure_evaluate: no clients selected, skipping evaluation
[2024-10-13 10:32:17,102][flwr][INFO] - 
[2024-10-13 10:32:17,102][flwr][INFO] - [SUMMARY]
[2024-10-13 10:32:17,102][flwr][INFO] - Run finished 20 round(s) in 162.56s
[2024-10-13 10:32:17,102][flwr][INFO] - 	History (loss, centralized):
[2024-10-13 10:32:17,103][flwr][INFO] - 		round 0: 720.5763864517212
[2024-10-13 10:32:17,103][flwr][INFO] - 		round 1: 718.486186504364
[2024-10-13 10:32:17,103][flwr][INFO] - 		round 2: 716.3259847164154
[2024-10-13 10:32:17,103][flwr][INFO] - 		round 3: 713.8890283107758
[2024-10-13 10:32:17,103][flwr][INFO] - 		round 4: 710.6776964664459
[2024-10-13 10:32:17,103][flwr][INFO] - 		round 5: 705.8003408908844
[2024-10-13 10:32:17,103][flwr][INFO] - 		round 6: 697.976101398468
[2024-10-13 10:32:17,103][flwr][INFO] - 		round 7: 684.2373433113098
[2024-10-13 10:32:17,103][flwr][INFO] - 		round 8: 655.7499468326569
[2024-10-13 10:32:17,103][flwr][INFO] - 		round 9: 586.7866363525391
[2024-10-13 10:32:17,104][flwr][INFO] - 		round 10: 413.08228105306625
[2024-10-13 10:32:17,104][flwr][INFO] - 		round 11: 237.3396147787571
[2024-10-13 10:32:17,104][flwr][INFO] - 		round 12: 166.64663998782635
[2024-10-13 10:32:17,104][flwr][INFO] - 		round 13: 133.15361408889294
[2024-10-13 10:32:17,104][flwr][INFO] - 		round 14: 114.31385431438684
[2024-10-13 10:32:17,104][flwr][INFO] - 		round 15: 100.67770691215992
[2024-10-13 10:32:17,104][flwr][INFO] - 		round 16: 91.29408824630082
[2024-10-13 10:32:17,104][flwr][INFO] - 		round 17: 84.14337046258152
[2024-10-13 10:32:17,104][flwr][INFO] - 		round 18: 79.40990609582514
[2024-10-13 10:32:17,104][flwr][INFO] - 		round 19: 74.39644878264517
[2024-10-13 10:32:17,104][flwr][INFO] - 		round 20: 70.75587315065786
[2024-10-13 10:32:17,104][flwr][INFO] - 	History (metrics, centralized):
[2024-10-13 10:32:17,104][flwr][INFO] - 	{'accuracy': [(0, 0.1032),
[2024-10-13 10:32:17,104][flwr][INFO] - 	              (1, 0.1032),
[2024-10-13 10:32:17,105][flwr][INFO] - 	              (2, 0.1036),
[2024-10-13 10:32:17,105][flwr][INFO] - 	              (3, 0.1069),
[2024-10-13 10:32:17,105][flwr][INFO] - 	              (4, 0.115),
[2024-10-13 10:32:17,105][flwr][INFO] - 	              (5, 0.1474),
[2024-10-13 10:32:17,105][flwr][INFO] - 	              (6, 0.2095),
[2024-10-13 10:32:17,105][flwr][INFO] - 	              (7, 0.3363),
[2024-10-13 10:32:17,105][flwr][INFO] - 	              (8, 0.4965),
[2024-10-13 10:32:17,105][flwr][INFO] - 	              (9, 0.6747),
[2024-10-13 10:32:17,105][flwr][INFO] - 	              (10, 0.7947),
[2024-10-13 10:32:17,105][flwr][INFO] - 	              (11, 0.8458),
[2024-10-13 10:32:17,105][flwr][INFO] - 	              (12, 0.8684),
[2024-10-13 10:32:17,105][flwr][INFO] - 	              (13, 0.8868),
[2024-10-13 10:32:17,105][flwr][INFO] - 	              (14, 0.9),
[2024-10-13 10:32:17,105][flwr][INFO] - 	              (15, 0.911),
[2024-10-13 10:32:17,105][flwr][INFO] - 	              (16, 0.9171),
[2024-10-13 10:32:17,105][flwr][INFO] - 	              (17, 0.9219),
[2024-10-13 10:32:17,105][flwr][INFO] - 	              (18, 0.9267),
[2024-10-13 10:32:17,105][flwr][INFO] - 	              (19, 0.93),
[2024-10-13 10:32:17,106][flwr][INFO] - 	              (20, 0.9334)]}
[2024-10-13 10:32:17,106][flwr][INFO] - 
