[2024-10-12 17:52:45,206][flwr][INFO] - Starting Flower server, config: num_rounds=3, no round_timeout
[2024-10-12 17:52:45,212][flwr][INFO] - Flower ECE: gRPC server running (3 rounds), SSL is disabled
[2024-10-12 17:52:45,212][flwr][INFO] - [INIT]
[2024-10-12 17:52:45,212][flwr][INFO] - Requesting initial parameters from one random client
[2024-10-12 17:52:46,606][flwr][INFO] - Received initial parameters from one random client
[2024-10-12 17:52:46,606][flwr][INFO] - Starting evaluation of initial global parameters
[2024-10-12 17:52:48,143][flwr][INFO] - initial parameters (loss, other metrics): 720.5457866191864, {'accuracy': 0.1196}
[2024-10-12 17:52:48,143][flwr][INFO] - 
[2024-10-12 17:52:48,144][flwr][INFO] - [ROUND 1]
[2024-10-12 17:52:48,144][flwr][INFO] - configure_fit: strategy sampled 1 clients (out of 1)
[2024-10-12 17:52:51,161][flwr][INFO] - aggregate_fit: received 1 results and 0 failures
[2024-10-12 17:52:51,163][flwr][WARNING] - No fit_metrics_aggregation_fn provided
[2024-10-12 17:52:53,906][flwr][INFO] - fit progress: (1, 717.0655782222748, {'accuracy': 0.1842}, 5.762698750999334)
[2024-10-12 17:52:53,907][flwr][INFO] - configure_evaluate: no clients selected, skipping evaluation
[2024-10-12 17:52:53,907][flwr][INFO] - 
[2024-10-12 17:52:53,907][flwr][INFO] - [ROUND 2]
[2024-10-12 17:52:53,907][flwr][INFO] - configure_fit: strategy sampled 1 clients (out of 1)
[2024-10-12 17:52:56,947][flwr][INFO] - aggregate_fit: received 1 results and 0 failures
[2024-10-12 17:52:58,114][flwr][INFO] - fit progress: (2, 712.6696825027466, {'accuracy': 0.2594}, 9.97039016800045)
[2024-10-12 17:52:58,114][flwr][INFO] - configure_evaluate: no clients selected, skipping evaluation
[2024-10-12 17:52:58,114][flwr][INFO] - 
[2024-10-12 17:52:58,114][flwr][INFO] - [ROUND 3]
[2024-10-12 17:52:58,115][flwr][INFO] - configure_fit: strategy sampled 1 clients (out of 1)
[2024-10-12 17:53:01,144][flwr][INFO] - aggregate_fit: received 1 results and 0 failures
[2024-10-12 17:53:03,846][flwr][INFO] - fit progress: (3, 706.0276863574982, {'accuracy': 0.3461}, 15.702877825999167)
[2024-10-12 17:53:03,847][flwr][INFO] - configure_evaluate: no clients selected, skipping evaluation
[2024-10-12 17:53:03,847][flwr][INFO] - 
[2024-10-12 17:53:03,847][flwr][INFO] - [SUMMARY]
[2024-10-12 17:53:03,847][flwr][INFO] - Run finished 3 round(s) in 15.70s
[2024-10-12 17:53:03,847][flwr][INFO] - 	History (loss, centralized):
[2024-10-12 17:53:03,848][flwr][INFO] - 		round 0: 720.5457866191864
[2024-10-12 17:53:03,848][flwr][INFO] - 		round 1: 717.0655782222748
[2024-10-12 17:53:03,848][flwr][INFO] - 		round 2: 712.6696825027466
[2024-10-12 17:53:03,848][flwr][INFO] - 		round 3: 706.0276863574982
[2024-10-12 17:53:03,848][flwr][INFO] - 	History (metrics, centralized):
[2024-10-12 17:53:03,848][flwr][INFO] - 	{'accuracy': [(0, 0.1196), (1, 0.1842), (2, 0.2594), (3, 0.3461)]}
[2024-10-12 17:53:03,848][flwr][INFO] - 
