[2024-10-12 17:46:56,143][flwr][INFO] - Starting Flower server, config: num_rounds=3, no round_timeout
[2024-10-12 17:46:56,150][flwr][INFO] - Flower ECE: gRPC server running (3 rounds), SSL is disabled
[2024-10-12 17:46:56,151][flwr][INFO] - [INIT]
[2024-10-12 17:46:56,151][flwr][INFO] - Requesting initial parameters from one random client
[2024-10-12 17:46:58,019][flwr][INFO] - Received initial parameters from one random client
[2024-10-12 17:46:58,019][flwr][INFO] - Starting evaluation of initial global parameters
[2024-10-12 17:46:59,748][flwr][INFO] - initial parameters (loss, other metrics): 722.9984774589539, {'accuracy': 0.0826}
[2024-10-12 17:46:59,748][flwr][INFO] - 
[2024-10-12 17:46:59,748][flwr][INFO] - [ROUND 1]
[2024-10-12 17:46:59,748][flwr][INFO] - configure_fit: strategy sampled 1 clients (out of 2)
[2024-10-12 17:47:00,076][flwr][INFO] - aggregate_fit: received 0 results and 1 failures
[2024-10-12 17:47:01,459][flwr][INFO] - fit progress: (1, 722.9984774589539, {'accuracy': 0.0826}, 1.711223518999759)
[2024-10-12 17:47:01,460][flwr][INFO] - configure_evaluate: no clients selected, skipping evaluation
[2024-10-12 17:47:01,460][flwr][INFO] - 
[2024-10-12 17:47:01,460][flwr][INFO] - [ROUND 2]
[2024-10-12 17:47:46,768][grpc._server][ERROR] - Exception iterating responses: 
Traceback (most recent call last):
  File "/home/suppra/flower_env/lib/python3.12/site-packages/grpc/_server.py", line 654, in _take_response_from_response_iterator
    return next(response_iterator), True
           ^^^^^^^^^^^^^^^^^^^^^^^
  File "/home/suppra/flower_env/lib/python3.12/site-packages/flwr/server/superlink/fleet/grpc_bidi/flower_service_servicer.py", line 117, in Join
    ins_wrapper: InsWrapper = next(ins_wrapper_iterator)
                              ^^^^^^^^^^^^^^^^^^^^^^^^^^
  File "/home/suppra/flower_env/lib/python3.12/site-packages/flwr/server/superlink/fleet/grpc_bidi/grpc_bridge.py", line 165, in ins_wrapper_iterator
    self._raise_if_closed()
  File "/home/suppra/flower_env/lib/python3.12/site-packages/flwr/server/superlink/fleet/grpc_bidi/grpc_bridge.py", line 81, in _raise_if_closed
    raise GrpcBridgeClosed()
flwr.server.superlink.fleet.grpc_bidi.grpc_bridge.GrpcBridgeClosed
