[2024-10-12 17:59:17,112][flwr][INFO] - Starting Flower server, config: num_rounds=20, no round_timeout
[2024-10-12 17:59:17,117][flwr][INFO] - Flower ECE: gRPC server running (20 rounds), SSL is disabled
[2024-10-12 17:59:17,117][flwr][INFO] - [INIT]
[2024-10-12 17:59:17,117][flwr][INFO] - Requesting initial parameters from one random client
[2024-10-12 17:59:19,071][flwr][INFO] - Received initial parameters from one random client
[2024-10-12 17:59:19,071][flwr][INFO] - Starting evaluation of initial global parameters
[2024-10-12 17:59:20,256][flwr][INFO] - initial parameters (loss, other metrics): 720.4460458755493, {'accuracy': 0.144}
[2024-10-12 17:59:20,256][flwr][INFO] - 
[2024-10-12 17:59:20,256][flwr][INFO] - [ROUND 1]
[2024-10-12 17:59:21,410][flwr][INFO] - configure_fit: strategy sampled 2 clients (out of 2)
[2024-10-12 17:59:24,741][flwr][INFO] - aggregate_fit: received 2 results and 0 failures
[2024-10-12 17:59:24,743][flwr][WARNING] - No fit_metrics_aggregation_fn provided
[2024-10-12 17:59:27,549][flwr][INFO] - fit progress: (1, 717.083713054657, {'accuracy': 0.1645}, 7.293355299998439)
[2024-10-12 17:59:27,550][flwr][INFO] - configure_evaluate: no clients selected, skipping evaluation
[2024-10-12 17:59:27,550][flwr][INFO] - 
[2024-10-12 17:59:27,550][flwr][INFO] - [ROUND 2]
[2024-10-12 17:59:27,550][flwr][INFO] - configure_fit: strategy sampled 2 clients (out of 2)
[2024-10-12 17:59:30,980][flwr][INFO] - aggregate_fit: received 2 results and 0 failures
[2024-10-12 17:59:31,854][flwr][INFO] - fit progress: (2, 712.8347079753876, {'accuracy': 0.1732}, 11.598404065000068)
[2024-10-12 17:59:31,855][flwr][INFO] - configure_evaluate: no clients selected, skipping evaluation
[2024-10-12 17:59:31,855][flwr][INFO] - 
[2024-10-12 17:59:31,855][flwr][INFO] - [ROUND 3]
[2024-10-12 17:59:31,855][flwr][INFO] - configure_fit: strategy sampled 2 clients (out of 2)
[2024-10-12 17:59:35,574][flwr][INFO] - aggregate_fit: received 2 results and 0 failures
[2024-10-12 17:59:37,933][flwr][INFO] - fit progress: (3, 706.7536923885345, {'accuracy': 0.1855}, 17.677497048998703)
[2024-10-12 17:59:37,934][flwr][INFO] - configure_evaluate: no clients selected, skipping evaluation
[2024-10-12 17:59:37,934][flwr][INFO] - 
[2024-10-12 17:59:37,934][flwr][INFO] - [ROUND 4]
[2024-10-12 17:59:37,934][flwr][INFO] - configure_fit: strategy sampled 2 clients (out of 2)
[2024-10-12 17:59:41,362][flwr][INFO] - aggregate_fit: received 2 results and 0 failures
[2024-10-12 17:59:42,259][flwr][INFO] - fit progress: (4, 696.281632900238, {'accuracy': 0.2618}, 22.00284657500015)
[2024-10-12 17:59:42,259][flwr][INFO] - configure_evaluate: no clients selected, skipping evaluation
[2024-10-12 17:59:42,259][flwr][INFO] - 
[2024-10-12 17:59:42,259][flwr][INFO] - [ROUND 5]
[2024-10-12 17:59:42,259][flwr][INFO] - configure_fit: strategy sampled 2 clients (out of 2)
[2024-10-12 17:59:45,632][flwr][INFO] - aggregate_fit: received 2 results and 0 failures
[2024-10-12 17:59:46,548][flwr][INFO] - fit progress: (5, 673.939929485321, {'accuracy': 0.3513}, 26.29186063599991)
[2024-10-12 17:59:46,548][flwr][INFO] - configure_evaluate: no clients selected, skipping evaluation
[2024-10-12 17:59:46,548][flwr][INFO] - 
[2024-10-12 17:59:46,548][flwr][INFO] - [ROUND 6]
[2024-10-12 17:59:46,548][flwr][INFO] - configure_fit: strategy sampled 2 clients (out of 2)
[2024-10-12 17:59:49,890][flwr][INFO] - aggregate_fit: received 2 results and 0 failures
[2024-10-12 17:59:50,791][flwr][INFO] - fit progress: (6, 617.2820467948914, {'accuracy': 0.4412}, 30.53522480099855)
[2024-10-12 17:59:50,791][flwr][INFO] - configure_evaluate: no clients selected, skipping evaluation
[2024-10-12 17:59:50,792][flwr][INFO] - 
[2024-10-12 17:59:50,792][flwr][INFO] - [ROUND 7]
[2024-10-12 17:59:50,792][flwr][INFO] - configure_fit: strategy sampled 2 clients (out of 2)
[2024-10-12 17:59:54,158][flwr][INFO] - aggregate_fit: received 2 results and 0 failures
[2024-10-12 17:59:55,082][flwr][INFO] - fit progress: (7, 495.8243659734726, {'accuracy': 0.5557}, 34.82636314799856)
[2024-10-12 17:59:55,083][flwr][INFO] - configure_evaluate: no clients selected, skipping evaluation
[2024-10-12 17:59:55,083][flwr][INFO] - 
[2024-10-12 17:59:55,083][flwr][INFO] - [ROUND 8]
[2024-10-12 17:59:55,083][flwr][INFO] - configure_fit: strategy sampled 2 clients (out of 2)
[2024-10-12 17:59:58,644][flwr][INFO] - aggregate_fit: received 2 results and 0 failures
[2024-10-12 18:00:00,653][flwr][INFO] - fit progress: (8, 363.10867327451706, {'accuracy': 0.6862}, 40.39676604399938)
[2024-10-12 18:00:00,653][flwr][INFO] - configure_evaluate: no clients selected, skipping evaluation
[2024-10-12 18:00:00,653][flwr][INFO] - 
[2024-10-12 18:00:00,653][flwr][INFO] - [ROUND 9]
[2024-10-12 18:00:00,653][flwr][INFO] - configure_fit: strategy sampled 2 clients (out of 2)
[2024-10-12 18:00:04,911][flwr][INFO] - aggregate_fit: received 2 results and 0 failures
[2024-10-12 18:00:05,880][flwr][INFO] - fit progress: (9, 267.6002885401249, {'accuracy': 0.7621}, 45.62370283599921)
[2024-10-12 18:00:05,880][flwr][INFO] - configure_evaluate: no clients selected, skipping evaluation
[2024-10-12 18:00:05,880][flwr][INFO] - 
[2024-10-12 18:00:05,880][flwr][INFO] - [ROUND 10]
[2024-10-12 18:00:05,880][flwr][INFO] - configure_fit: strategy sampled 2 clients (out of 2)
[2024-10-12 18:00:10,222][flwr][INFO] - aggregate_fit: received 2 results and 0 failures
[2024-10-12 18:00:11,144][flwr][INFO] - fit progress: (10, 211.52723602950573, {'accuracy': 0.801}, 50.88791953399959)
[2024-10-12 18:00:11,144][flwr][INFO] - configure_evaluate: no clients selected, skipping evaluation
[2024-10-12 18:00:11,144][flwr][INFO] - 
[2024-10-12 18:00:11,144][flwr][INFO] - [ROUND 11]
[2024-10-12 18:00:11,144][flwr][INFO] - configure_fit: strategy sampled 2 clients (out of 2)
[2024-10-12 18:00:15,196][flwr][INFO] - aggregate_fit: received 2 results and 0 failures
[2024-10-12 18:00:16,131][flwr][INFO] - fit progress: (11, 179.50006087124348, {'accuracy': 0.8293}, 55.87513990199841)
[2024-10-12 18:00:16,131][flwr][INFO] - configure_evaluate: no clients selected, skipping evaluation
[2024-10-12 18:00:16,132][flwr][INFO] - 
[2024-10-12 18:00:16,132][flwr][INFO] - [ROUND 12]
[2024-10-12 18:00:16,132][flwr][INFO] - configure_fit: strategy sampled 2 clients (out of 2)
[2024-10-12 18:00:19,423][flwr][INFO] - aggregate_fit: received 2 results and 0 failures
[2024-10-12 18:00:20,451][flwr][INFO] - fit progress: (12, 159.04892151802778, {'accuracy': 0.8481}, 60.19464622399937)
[2024-10-12 18:00:20,451][flwr][INFO] - configure_evaluate: no clients selected, skipping evaluation
[2024-10-12 18:00:20,451][flwr][INFO] - 
[2024-10-12 18:00:20,451][flwr][INFO] - [ROUND 13]
[2024-10-12 18:00:20,451][flwr][INFO] - configure_fit: strategy sampled 2 clients (out of 2)
[2024-10-12 18:00:24,019][flwr][INFO] - aggregate_fit: received 2 results and 0 failures
[2024-10-12 18:00:24,956][flwr][INFO] - fit progress: (13, 144.50184804946184, {'accuracy': 0.8612}, 64.69980839099844)
[2024-10-12 18:00:24,956][flwr][INFO] - configure_evaluate: no clients selected, skipping evaluation
[2024-10-12 18:00:24,956][flwr][INFO] - 
[2024-10-12 18:00:24,956][flwr][INFO] - [ROUND 14]
[2024-10-12 18:00:24,956][flwr][INFO] - configure_fit: strategy sampled 2 clients (out of 2)
[2024-10-12 18:00:28,415][flwr][INFO] - aggregate_fit: received 2 results and 0 failures
[2024-10-12 18:00:29,371][flwr][INFO] - fit progress: (14, 133.14624932408333, {'accuracy': 0.8713}, 69.11454545299966)
[2024-10-12 18:00:29,371][flwr][INFO] - configure_evaluate: no clients selected, skipping evaluation
[2024-10-12 18:00:29,371][flwr][INFO] - 
[2024-10-12 18:00:29,371][flwr][INFO] - [ROUND 15]
[2024-10-12 18:00:29,371][flwr][INFO] - configure_fit: strategy sampled 2 clients (out of 2)
[2024-10-12 18:00:33,084][flwr][INFO] - aggregate_fit: received 2 results and 0 failures
[2024-10-12 18:00:34,091][flwr][INFO] - fit progress: (15, 123.82006296142936, {'accuracy': 0.8815}, 73.83485443799873)
[2024-10-12 18:00:34,091][flwr][INFO] - configure_evaluate: no clients selected, skipping evaluation
[2024-10-12 18:00:34,091][flwr][INFO] - 
[2024-10-12 18:00:34,091][flwr][INFO] - [ROUND 16]
[2024-10-12 18:00:34,092][flwr][INFO] - configure_fit: strategy sampled 2 clients (out of 2)
[2024-10-12 18:00:37,971][flwr][INFO] - aggregate_fit: received 2 results and 0 failures
[2024-10-12 18:00:39,025][flwr][INFO] - fit progress: (16, 116.19691626727581, {'accuracy': 0.8893}, 78.76931301299919)
[2024-10-12 18:00:39,026][flwr][INFO] - configure_evaluate: no clients selected, skipping evaluation
[2024-10-12 18:00:39,026][flwr][INFO] - 
[2024-10-12 18:00:39,026][flwr][INFO] - [ROUND 17]
[2024-10-12 18:00:39,026][flwr][INFO] - configure_fit: strategy sampled 2 clients (out of 2)
[2024-10-12 18:00:42,563][flwr][INFO] - aggregate_fit: received 2 results and 0 failures
[2024-10-12 18:00:45,042][flwr][INFO] - fit progress: (17, 109.55592232011259, {'accuracy': 0.8968}, 84.78575893400011)
[2024-10-12 18:00:45,042][flwr][INFO] - configure_evaluate: no clients selected, skipping evaluation
[2024-10-12 18:00:45,042][flwr][INFO] - 
[2024-10-12 18:00:45,042][flwr][INFO] - [ROUND 18]
[2024-10-12 18:00:45,042][flwr][INFO] - configure_fit: strategy sampled 2 clients (out of 2)
[2024-10-12 18:00:48,729][flwr][INFO] - aggregate_fit: received 2 results and 0 failures
[2024-10-12 18:00:51,286][flwr][INFO] - fit progress: (18, 103.70344154722989, {'accuracy': 0.9023}, 91.02949693699884)
[2024-10-12 18:00:51,286][flwr][INFO] - configure_evaluate: no clients selected, skipping evaluation
[2024-10-12 18:00:51,286][flwr][INFO] - 
[2024-10-12 18:00:51,286][flwr][INFO] - [ROUND 19]
[2024-10-12 18:00:51,286][flwr][INFO] - configure_fit: strategy sampled 2 clients (out of 2)
[2024-10-12 18:00:54,892][flwr][INFO] - aggregate_fit: received 2 results and 0 failures
[2024-10-12 18:00:55,832][flwr][INFO] - fit progress: (19, 98.49064565822482, {'accuracy': 0.9071}, 95.57614155899864)
[2024-10-12 18:00:55,833][flwr][INFO] - configure_evaluate: no clients selected, skipping evaluation
[2024-10-12 18:00:55,833][flwr][INFO] - 
[2024-10-12 18:00:55,833][flwr][INFO] - [ROUND 20]
[2024-10-12 18:00:55,833][flwr][INFO] - configure_fit: strategy sampled 2 clients (out of 2)
[2024-10-12 18:00:59,391][flwr][INFO] - aggregate_fit: received 2 results and 0 failures
[2024-10-12 18:01:00,305][flwr][INFO] - fit progress: (20, 93.78237224183977, {'accuracy': 0.9115}, 100.04897057800008)
[2024-10-12 18:01:00,305][flwr][INFO] - configure_evaluate: no clients selected, skipping evaluation
[2024-10-12 18:01:00,305][flwr][INFO] - 
[2024-10-12 18:01:00,305][flwr][INFO] - [SUMMARY]
[2024-10-12 18:01:00,305][flwr][INFO] - Run finished 20 round(s) in 100.05s
[2024-10-12 18:01:00,306][flwr][INFO] - 	History (loss, centralized):
[2024-10-12 18:01:00,306][flwr][INFO] - 		round 0: 720.4460458755493
[2024-10-12 18:01:00,306][flwr][INFO] - 		round 1: 717.083713054657
[2024-10-12 18:01:00,306][flwr][INFO] - 		round 2: 712.8347079753876
[2024-10-12 18:01:00,306][flwr][INFO] - 		round 3: 706.7536923885345
[2024-10-12 18:01:00,306][flwr][INFO] - 		round 4: 696.281632900238
[2024-10-12 18:01:00,306][flwr][INFO] - 		round 5: 673.939929485321
[2024-10-12 18:01:00,306][flwr][INFO] - 		round 6: 617.2820467948914
[2024-10-12 18:01:00,306][flwr][INFO] - 		round 7: 495.8243659734726
[2024-10-12 18:01:00,306][flwr][INFO] - 		round 8: 363.10867327451706
[2024-10-12 18:01:00,306][flwr][INFO] - 		round 9: 267.6002885401249
[2024-10-12 18:01:00,306][flwr][INFO] - 		round 10: 211.52723602950573
[2024-10-12 18:01:00,306][flwr][INFO] - 		round 11: 179.50006087124348
[2024-10-12 18:01:00,306][flwr][INFO] - 		round 12: 159.04892151802778
[2024-10-12 18:01:00,306][flwr][INFO] - 		round 13: 144.50184804946184
[2024-10-12 18:01:00,306][flwr][INFO] - 		round 14: 133.14624932408333
[2024-10-12 18:01:00,306][flwr][INFO] - 		round 15: 123.82006296142936
[2024-10-12 18:01:00,306][flwr][INFO] - 		round 16: 116.19691626727581
[2024-10-12 18:01:00,306][flwr][INFO] - 		round 17: 109.55592232011259
[2024-10-12 18:01:00,307][flwr][INFO] - 		round 18: 103.70344154722989
[2024-10-12 18:01:00,307][flwr][INFO] - 		round 19: 98.49064565822482
[2024-10-12 18:01:00,307][flwr][INFO] - 		round 20: 93.78237224183977
[2024-10-12 18:01:00,307][flwr][INFO] - 	History (metrics, centralized):
[2024-10-12 18:01:00,307][flwr][INFO] - 	{'accuracy': [(0, 0.144),
[2024-10-12 18:01:00,307][flwr][INFO] - 	              (1, 0.1645),
[2024-10-12 18:01:00,307][flwr][INFO] - 	              (2, 0.1732),
[2024-10-12 18:01:00,307][flwr][INFO] - 	              (3, 0.1855),
[2024-10-12 18:01:00,307][flwr][INFO] - 	              (4, 0.2618),
[2024-10-12 18:01:00,307][flwr][INFO] - 	              (5, 0.3513),
[2024-10-12 18:01:00,307][flwr][INFO] - 	              (6, 0.4412),
[2024-10-12 18:01:00,307][flwr][INFO] - 	              (7, 0.5557),
[2024-10-12 18:01:00,307][flwr][INFO] - 	              (8, 0.6862),
[2024-10-12 18:01:00,307][flwr][INFO] - 	              (9, 0.7621),
[2024-10-12 18:01:00,307][flwr][INFO] - 	              (10, 0.801),
[2024-10-12 18:01:00,307][flwr][INFO] - 	              (11, 0.8293),
[2024-10-12 18:01:00,307][flwr][INFO] - 	              (12, 0.8481),
[2024-10-12 18:01:00,307][flwr][INFO] - 	              (13, 0.8612),
[2024-10-12 18:01:00,307][flwr][INFO] - 	              (14, 0.8713),
[2024-10-12 18:01:00,307][flwr][INFO] - 	              (15, 0.8815),
[2024-10-12 18:01:00,307][flwr][INFO] - 	              (16, 0.8893),
[2024-10-12 18:01:00,307][flwr][INFO] - 	              (17, 0.8968),
[2024-10-12 18:01:00,307][flwr][INFO] - 	              (18, 0.9023),
[2024-10-12 18:01:00,308][flwr][INFO] - 	              (19, 0.9071),
[2024-10-12 18:01:00,308][flwr][INFO] - 	              (20, 0.9115)]}
[2024-10-12 18:01:00,308][flwr][INFO] - 
